Copyright 1986-2017 Xilinx, Inc. All Rights Reserved.
-------------------------------------------------------------------------------------
| Tool Version : Vivado v.2017.4 (win64) Build 2086221 Fri Dec 15 20:55:39 MST 2017
| Date         : Tue May 14 23:50:50 2019
| Host         : Jhon-PC running 64-bit major release  (build 9200)
| Command      : report_control_sets -verbose -file neoronio_control_sets_placed.rpt
| Design       : neoronio
| Device       : xa7a35t
-------------------------------------------------------------------------------------

Control Set Information

Table of Contents
-----------------
1. Summary
2. Flip-Flop Distribution
3. Detailed Control Set Information

1. Summary
----------

+----------------------------------------------------------+-------+
|                          Status                          | Count |
+----------------------------------------------------------+-------+
| Number of unique control sets                            |    12 |
| Unused register locations in slices containing registers |    57 |
+----------------------------------------------------------+-------+


2. Flip-Flop Distribution
-------------------------

+--------------+-----------------------+------------------------+-----------------+--------------+
| Clock Enable | Synchronous Set/Reset | Asynchronous Set/Reset | Total Registers | Total Slices |
+--------------+-----------------------+------------------------+-----------------+--------------+
| No           | No                    | No                     |               2 |            2 |
| No           | No                    | Yes                    |               0 |            0 |
| No           | Yes                   | No                     |              52 |           15 |
| Yes          | No                    | No                     |              16 |            5 |
| Yes          | No                    | Yes                    |              27 |           12 |
| Yes          | Yes                   | No                     |             134 |           57 |
+--------------+-----------------------+------------------------+-----------------+--------------+


3. Detailed Control Set Information
-----------------------------------

+----------------+-------------------------------------------------+------------------+------------------+----------------+
|  Clock Signal  |                  Enable Signal                  | Set/Reset Signal | Slice Load Count | Bel Load Count |
+----------------+-------------------------------------------------+------------------+------------------+----------------+
|  clk_IBUF_BUFG | num_o[15]_i_1_n_0                               | start_0m0        |                1 |              1 |
|  clk_IBUF_BUFG |                                                 |                  |                2 |              2 |
|  clk_IBUF_BUFG | num_o[4]_i_1_n_0                                |                  |                3 |              5 |
|  clk_IBUF_BUFG | num_o[15]_i_1_n_0                               |                  |                2 |             11 |
|  clk_IBUF_BUFG | s_x[0]                                          | reset_IBUF       |                4 |             11 |
|  clk_IBUF_BUFG | s_x[26]_i_1_n_0                                 | reset_IBUF       |                8 |             16 |
|  clk_IBUF_BUFG | multiplierfsm_v2_ax2/update                     | reset_IBUF       |               10 |             26 |
|  clk_IBUF_BUFG | multiplierfsm_v2_x2/E[0]                        | reset_IBUF       |               11 |             26 |
|  clk_IBUF_BUFG | addsubfsm_v6_ax2_bx_c/addsub_out[26]_i_1__0_n_0 | reset_IBUF       |               14 |             27 |
|  clk_IBUF_BUFG | addsubfsm_v6_ax2_bx/addsub_out[26]_i_1_n_0      | reset_IBUF       |               15 |             27 |
|  clk_IBUF_BUFG | multiplierfsm_v2_bx/update                      | reset_IBUF       |                6 |             27 |
|  clk_IBUF_BUFG |                                                 | reset_IBUF       |               15 |             52 |
+----------------+-------------------------------------------------+------------------+------------------+----------------+


+--------+-----------------------+
| Fanout | Number of ControlSets |
+--------+-----------------------+
| 1      |                     1 |
| 2      |                     1 |
| 5      |                     1 |
| 11     |                     2 |
| 16+    |                     7 |
+--------+-----------------------+


